app/build/intermediates/manifest_merge_blame_file/debug/manifest-merger-blame-debug-report.txt
1<?xml version="1.0" encoding="utf-8"?>
2<manifest xmlns:android="http://schemas.android.com/apk/res/android"
3    package="com.projeto.connectbeauty"
4    android:versionCode="1"
5    android:versionName="1.0" >
6
7    <uses-sdk
8        android:minSdkVersion="21"
8-->src\main\AndroidManifest.xml
9        android:targetSdkVersion="30" />
9-->src\main\AndroidManifest.xml
10
11    <application
11-->src\main\AndroidManifest.xml:5:5-47:19
12        android:allowBackup="true"
12-->src\main\AndroidManifest.xml:6:9-35
13        android:appComponentFactory="androidx.core.app.CoreComponentFactory"
13-->[androidx.core:core:1.0.1] AndroidManifest.xml:22:18-86
14        android:debuggable="true"
15        android:icon="@mipmap/ic_launcher"
15-->src\main\AndroidManifest.xml:7:9-43
16        android:label="@string/app_name"
16-->src\main\AndroidManifest.xml:8:9-41
17        android:roundIcon="@mipmap/ic_launcher_round"
17-->src\main\AndroidManifest.xml:9:9-54
18        android:supportsRtl="true"
18-->src\main\AndroidManifest.xml:10:9-35
19        android:theme="@style/AppTheme" >
19-->src\main\AndroidManifest.xml:11:9-40
20        <activity android:name="com.projeto.connectbeauty.MeuServ" />
20-->src\main\AndroidManifest.xml:12:9-54
20-->src\main\AndroidManifest.xml:12:19-42
21        <activity android:name="com.projeto.connectbeauty.Favoritos" />
21-->src\main\AndroidManifest.xml:13:9-47
21-->src\main\AndroidManifest.xml:13:19-44
22        <activity android:name="com.projeto.connectbeauty.CadServico" />
22-->src\main\AndroidManifest.xml:14:9-48
22-->src\main\AndroidManifest.xml:14:19-45
23        <activity android:name="com.projeto.connectbeauty.EsqueciMinhaSenha" >
23-->src\main\AndroidManifest.xml:15:9-19:20
23-->src\main\AndroidManifest.xml:15:19-52
24            <intent-filter>
24-->src\main\AndroidManifest.xml:16:13-18:29
25                <action android:name="android.intent.action.MAIN" />
25-->src\main\AndroidManifest.xml:17:17-69
25-->src\main\AndroidManifest.xml:17:25-66
26            </intent-filter>
27        </activity>
28        <activity android:name="com.projeto.connectbeauty.PerfilUsuario" >
28-->src\main\AndroidManifest.xml:20:9-24:20
28-->src\main\AndroidManifest.xml:20:19-48
29            <intent-filter>
29-->src\main\AndroidManifest.xml:16:13-18:29
30                <action android:name="android.intent.action.MAIN" />
30-->src\main\AndroidManifest.xml:17:17-69
30-->src\main\AndroidManifest.xml:17:25-66
31            </intent-filter>
32        </activity>
33        <activity android:name="com.projeto.connectbeauty.Principal" >
33-->src\main\AndroidManifest.xml:25:9-29:20
33-->src\main\AndroidManifest.xml:25:19-44
34            <intent-filter>
34-->src\main\AndroidManifest.xml:16:13-18:29
35                <action android:name="android.intent.action.MAIN" />
35-->src\main\AndroidManifest.xml:17:17-69
35-->src\main\AndroidManifest.xml:17:25-66
36            </intent-filter>
37        </activity>
38        <activity android:name="com.projeto.connectbeauty.Cadastro" >
38-->src\main\AndroidManifest.xml:30:9-34:20
38-->src\main\AndroidManifest.xml:30:19-43
39            <intent-filter>
39-->src\main\AndroidManifest.xml:16:13-18:29
40                <action android:name="android.intent.action.MAIN" />
40-->src\main\AndroidManifest.xml:17:17-69
40-->src\main\AndroidManifest.xml:17:25-66
41            </intent-filter>
42        </activity>
43        <activity android:name="com.projeto.connectbeauty.Login" >
43-->src\main\AndroidManifest.xml:35:9-39:20
43-->src\main\AndroidManifest.xml:35:19-40
44            <intent-filter>
44-->src\main\AndroidManifest.xml:16:13-18:29
45                <action android:name="android.intent.action.MAIN" />
45-->src\main\AndroidManifest.xml:17:17-69
45-->src\main\AndroidManifest.xml:17:25-66
46            </intent-filter>
47        </activity>
48        <activity android:name="com.projeto.connectbeauty.Inicio" >
48-->src\main\AndroidManifest.xml:40:9-46:20
48-->src\main\AndroidManifest.xml:40:19-41
49            <intent-filter>
49-->src\main\AndroidManifest.xml:41:13-45:29
50                <action android:name="android.intent.action.MAIN" />
50-->src\main\AndroidManifest.xml:17:17-69
50-->src\main\AndroidManifest.xml:17:25-66
51
52                <category android:name="android.intent.category.LAUNCHER" />
52-->src\main\AndroidManifest.xml:44:17-77
52-->src\main\AndroidManifest.xml:44:27-74
53            </intent-filter>
54        </activity>
55        <activity
55-->[com.google.firebase:firebase-auth:16.0.5] AndroidManifest.xml:24:9-31:50
56            android:name="com.google.firebase.auth.internal.FederatedSignInActivity"
56-->[com.google.firebase:firebase-auth:16.0.5] AndroidManifest.xml:25:13-85
57            android:excludeFromRecents="true"
57-->[com.google.firebase:firebase-auth:16.0.5] AndroidManifest.xml:26:13-46
58            android:exported="true"
58-->[com.google.firebase:firebase-auth:16.0.5] AndroidManifest.xml:27:13-36
59            android:launchMode="singleTask"
59-->[com.google.firebase:firebase-auth:16.0.5] AndroidManifest.xml:28:13-44
60            android:permission="com.google.firebase.auth.api.gms.permission.LAUNCH_FEDERATED_SIGN_IN"
60-->[com.google.firebase:firebase-auth:16.0.5] AndroidManifest.xml:29:13-102
61            android:theme="@android:style/Theme.Translucent.NoTitleBar" />
61-->[com.google.firebase:firebase-auth:16.0.5] AndroidManifest.xml:30:13-72
62
63        <service
63-->[com.google.firebase:firebase-auth:16.0.5] AndroidManifest.xml:33:9-39:19
64            android:name="com.google.firebase.components.ComponentDiscoveryService"
64-->[com.google.firebase:firebase-auth:16.0.5] AndroidManifest.xml:34:13-84
65            android:exported="false" >
65-->[com.google.firebase:firebase-auth:16.0.5] AndroidManifest.xml:35:13-37
66            <meta-data
66-->[com.google.firebase:firebase-auth:16.0.5] AndroidManifest.xml:36:13-38:85
67                android:name="com.google.firebase.components:com.google.firebase.auth.FirebaseAuthRegistrar"
67-->[com.google.firebase:firebase-auth:16.0.5] AndroidManifest.xml:37:17-109
68                android:value="com.google.firebase.components.ComponentRegistrar" />
68-->[com.google.firebase:firebase-auth:16.0.5] AndroidManifest.xml:38:17-82
69        </service>
70
71        <activity
71-->[com.google.android.gms:play-services-base:16.0.1] AndroidManifest.xml:23:9-26:75
72            android:name="com.google.android.gms.common.api.GoogleApiActivity"
72-->[com.google.android.gms:play-services-base:16.0.1] AndroidManifest.xml:24:13-79
73            android:exported="false"
73-->[com.google.android.gms:play-services-base:16.0.1] AndroidManifest.xml:25:13-37
74            android:theme="@android:style/Theme.Translucent.NoTitleBar" />
74-->[com.google.android.gms:play-services-base:16.0.1] AndroidManifest.xml:26:13-72
75
76        <provider
76-->[com.google.firebase:firebase-common:16.0.3] AndroidManifest.xml:10:9-14:39
77            android:name="com.google.firebase.provider.FirebaseInitProvider"
77-->[com.google.firebase:firebase-common:16.0.3] AndroidManifest.xml:11:13-77
78            android:authorities="com.projeto.connectbeauty.firebaseinitprovider"
78-->[com.google.firebase:firebase-common:16.0.3] AndroidManifest.xml:12:13-72
79            android:exported="false"
79-->[com.google.firebase:firebase-common:16.0.3] AndroidManifest.xml:13:13-37
80            android:initOrder="100" />
80-->[com.google.firebase:firebase-common:16.0.3] AndroidManifest.xml:14:13-36
81
82        <meta-data
82-->[com.google.android.gms:play-services-basement:16.1.0] AndroidManifest.xml:23:9-25:69
83            android:name="com.google.android.gms.version"
83-->[com.google.android.gms:play-services-basement:16.1.0] AndroidManifest.xml:24:13-58
84            android:value="@integer/google_play_services_version" />
84-->[com.google.android.gms:play-services-basement:16.1.0] AndroidManifest.xml:25:13-66
85    </application>
86
87</manifest>